2024-05-05 11:58:53,524 - INFO - Starting FCV-MLAPI....
2024-05-05 12:09:56,654 - INFO - Starting FCV-MLAPI....
2024-05-05 13:08:56,550 - INFO - Starting FCV-MLAPI....
2024-05-05 13:09:08,139 - INFO - {'url': '/docs', 'method': <starlette.middleware.base._CachedRequest object at 0x0000012D254E7190>, 'date': '05/05/2024 13:09:08', 'duration': 0.0020029544830322266}
2024-05-05 13:09:08,887 - INFO - {'url': '/openapi.json', 'method': <starlette.middleware.base._CachedRequest object at 0x0000012D24414590>, 'date': '05/05/2024 13:09:08', 'duration': 0.006998538970947266}
2024-05-05 13:09:09,696 - INFO - {'url': '/', 'method': <starlette.middleware.base._CachedRequest object at 0x0000012D255F2B90>, 'date': '05/05/2024 13:09:09', 'duration': 0.0010025501251220703}
2024-05-05 13:09:10,031 - INFO - {'url': '/favicon.ico', 'method': <starlette.middleware.base._CachedRequest object at 0x0000012D255AE490>, 'date': '05/05/2024 13:09:10', 'duration': 0.0010001659393310547}
2024-05-05 13:10:40,316 - INFO - Starting FCV-MLAPI....
2024-05-05 13:10:42,841 - INFO - {'url': '/', 'method': 'GET', 'date': '05/05/2024 13:10:42', 'duration': 0.000997781753540039}
2024-05-05 13:12:05,320 - INFO - {'url': '/predict', 'method': 'POST', 'date': '05/05/2024 13:12:05', 'duration': 0.6828296184539795}
2024-05-05 13:19:01,708 - INFO - Starting FCV-MLAPI....
2024-05-05 13:23:35,525 - INFO - Starting FCV-MLAPI....
2024-05-05 13:23:40,324 - INFO - {'url': '/predict', 'method': 'POST', 'date': '05/05/2024 13:23:40', 'duration': 0.6412081718444824}
2024-06-11 14:03:44,446 , INFO , Starting FCV-MLAPI....
2024-06-12 16:47:01,002 , INFO , Starting FCV-MLAPI....
2024-06-13 06:22:24,428 , INFO , Starting FCV-MLAPI....
2024-06-13 06:22:42,189 , INFO , {'url': '/', 'method': 'GET', 'date': '13/06/2024 06:22:42', 'duration': 0.02599954605102539}
2024-06-13 06:22:42,600 , INFO , {'url': '/favicon.ico', 'method': 'GET', 'date': '13/06/2024 06:22:42', 'duration': 0.0010025501251220703}
2024-06-13 06:23:55,996 , INFO , {'url': '/docs', 'method': 'GET', 'date': '13/06/2024 06:23:55', 'duration': 0.0010044574737548828}
2024-06-13 06:23:57,257 , INFO , {'url': '/openapi.json', 'method': 'GET', 'date': '13/06/2024 06:23:57', 'duration': 0.03000473976135254}
2024-06-13 06:26:15,720 , INFO , {'url': '/auth/', 'method': 'POST', 'date': '13/06/2024 06:26:15', 'duration': 0.6969640254974365}
2024-06-13 06:32:08,181 , INFO , {'url': '/auth/token', 'method': 'POST', 'date': '13/06/2024 06:32:08', 'duration': 0.6640031337738037}
2024-06-13 06:35:05,014 , INFO , {'url': '/docs', 'method': 'GET', 'date': '13/06/2024 06:35:05', 'duration': 0.0009970664978027344}
2024-06-13 06:35:05,568 , INFO , {'url': '/openapi.json', 'method': 'GET', 'date': '13/06/2024 06:35:05', 'duration': 0.0010035037994384766}
2024-06-13 06:35:20,965 , INFO , {'url': '/docs', 'method': 'GET', 'date': '13/06/2024 06:35:20', 'duration': 0.0}
2024-06-13 06:35:21,264 , INFO , {'url': '/openapi.json', 'method': 'GET', 'date': '13/06/2024 06:35:21', 'duration': 0.0010020732879638672}
2024-06-13 06:36:04,626 , INFO , {'url': '/home', 'method': 'GET', 'date': '13/06/2024 06:36:04', 'duration': 0.0010018348693847656}
2024-06-13 06:36:41,960 , INFO , {'url': '/predict', 'method': 'POST', 'date': '13/06/2024 06:36:41', 'duration': 1.4350006580352783}
2024-06-13 06:47:28,994 , INFO , Starting FCV-MLAPI....
2024-06-13 06:47:38,107 , INFO , {'url': '/docs', 'method': 'GET', 'date': '13/06/2024 06:47:38', 'duration': 0.0010020732879638672}
2024-06-13 06:47:38,690 , INFO , {'url': '/openapi.json', 'method': 'GET', 'date': '13/06/2024 06:47:38', 'duration': 0.02700018882751465}
2024-06-13 07:06:27,467 , INFO , Starting FCV-MLAPI....
2024-06-13 07:07:03,524 , INFO , {'url': '/docs', 'method': 'GET', 'date': '13/06/2024 07:07:03', 'duration': 0.0010333061218261719}
2024-06-13 07:07:04,140 , INFO , {'url': '/openapi.json', 'method': 'GET', 'date': '13/06/2024 07:07:04', 'duration': 0.03199267387390137}
2024-06-13 07:07:28,423 , INFO , {'url': '/auth/token', 'method': 'POST', 'date': '13/06/2024 07:07:28', 'duration': 0.6429991722106934}
2024-06-13 07:07:56,747 , INFO , {'url': '/auth/token', 'method': 'POST', 'date': '13/06/2024 07:07:56', 'duration': 0.006001472473144531}
2024-06-13 07:08:07,467 , INFO , {'url': '/auth/token', 'method': 'POST', 'date': '13/06/2024 07:08:07', 'duration': 0.008001089096069336}
2024-06-13 07:08:10,046 , INFO , {'url': '/auth/token', 'method': 'POST', 'date': '13/06/2024 07:08:10', 'duration': 0.00600123405456543}
2024-06-13 07:08:49,372 , INFO , {'url': '/auth/token', 'method': 'POST', 'date': '13/06/2024 07:08:49', 'duration': 0.4799966812133789}
2024-06-13 07:10:32,582 , INFO , Starting FCV-MLAPI....
2024-06-13 07:11:41,581 , INFO , {'url': '/docs', 'method': 'GET', 'date': '13/06/2024 07:11:41', 'duration': 0.002001047134399414}
2024-06-13 07:11:42,101 , INFO , {'url': '/openapi.json', 'method': 'GET', 'date': '13/06/2024 07:11:42', 'duration': 0.02800273895263672}
2024-06-13 07:11:55,814 , INFO , {'url': '/auth/token', 'method': 'POST', 'date': '13/06/2024 07:11:55', 'duration': 0.5320076942443848}
2024-06-13 07:12:21,339 , INFO , {'url': '/predict', 'method': 'POST', 'date': '13/06/2024 07:12:21', 'duration': 0.7490005493164062}
2024-06-13 14:00:39,687 , INFO , Starting FCV-MLAPI....
2024-06-13 14:02:54,914 , INFO , {'url': '/docs', 'method': 'GET', 'date': '13/06/2024 14:02:54', 'duration': 0.0010213851928710938}
2024-06-13 14:02:55,590 , INFO , {'url': '/openapi.json', 'method': 'GET', 'date': '13/06/2024 14:02:55', 'duration': 0.037729740142822266}
2024-06-13 14:08:17,572 , INFO , {'url': '/auth/create_user', 'method': 'POST', 'date': '13/06/2024 14:08:17', 'duration': 1.819272518157959}
2024-06-13 14:09:42,852 , INFO , {'url': '/auth/token', 'method': 'POST', 'date': '13/06/2024 14:09:42', 'duration': 0.9843854904174805}
2024-06-13 14:10:47,449 , INFO , {'url': '/auth/token', 'method': 'POST', 'date': '13/06/2024 14:10:47', 'duration': 0.6245098114013672}
2024-06-13 14:11:02,703 , INFO , {'url': '/auth/token', 'method': 'POST', 'date': '13/06/2024 14:11:02', 'duration': 0.6820433139801025}
2024-06-13 14:12:41,078 , INFO , {'url': '/predict', 'method': 'POST', 'date': '13/06/2024 14:12:41', 'duration': 1.5878348350524902}
2024-07-08 12:08:03,532 , INFO , Starting FCV-MLAPI....
2024-07-08 12:08:13,235 , INFO , {'url': '/docs', 'method': 'GET', 'date': '08/07/2024 12:08:13', 'duration': 0.0009980201721191406}
2024-07-08 12:08:14,277 , INFO , {'url': '/openapi.json', 'method': 'GET', 'date': '08/07/2024 12:08:14', 'duration': 0.039000511169433594}
2024-07-08 12:08:39,885 , INFO , {'url': '/predict', 'method': 'POST', 'date': '08/07/2024 12:08:39', 'duration': 0.0030040740966796875}
2024-07-08 22:38:09,505 , INFO , Starting FCV-MLAPI....
2024-07-08 22:39:24,892 , INFO , {'url': '/docs', 'method': 'GET', 'date': '08/07/2024 22:39:24', 'duration': 0.009552717208862305}
2024-07-08 22:39:26,061 , INFO , {'url': '/openapi.json', 'method': 'GET', 'date': '08/07/2024 22:39:26', 'duration': 0.07700824737548828}
2024-07-08 22:50:37,687 , INFO , Starting FCV-MLAPI....
2024-07-08 22:50:37,811 , INFO , {'url': '/docs', 'method': 'GET', 'date': '08/07/2024 22:50:37', 'duration': 0.0062999725341796875}
2024-07-08 22:50:37,821 , INFO , {'url': '/docs', 'method': 'GET', 'date': '08/07/2024 22:50:37', 'duration': 0.015252351760864258}
2024-07-08 22:50:56,969 , INFO , {'url': '/openapi.json', 'method': 'GET', 'date': '08/07/2024 22:50:56', 'duration': 0.0868690013885498}
2024-07-09 12:26:21,088 , INFO , Starting FCV-MLAPI....
2024-07-09 12:29:29,547 , INFO , {'url': '/docs', 'method': 'GET', 'date': '09/07/2024 12:29:29', 'duration': 0.0009975433349609375}
2024-07-09 12:29:29,978 , INFO , {'url': '/openapi.json', 'method': 'GET', 'date': '09/07/2024 12:29:29', 'duration': 0.03148031234741211}
2024-07-10 10:39:01,938 , INFO , {'url': '/home', 'method': 'GET', 'date': '10/07/2024 10:39:01', 'duration': 0.02500319480895996}
